<?xml version="1.0" encoding="UTF-8"?>
<!-- Generated by org.testng.reporters.JUnitXMLReporter -->
<testsuite ignored="0" hostname="INLEN6239007834" failures="1" tests="1" name="Opencart Test(failed)(failed)(failed)(failed)(failed)(failed)" time="0.162" errors="0" timestamp="2025-05-08T11:39:33 IST">
  <testcase classname="testCases.TC_001AccountRegistrationTest" name="verifyAccountRegistration" time="0.027">
    <failure type="java.lang.NullPointerException" message="Cannot invoke &amp;quot;org.apache.logging.log4j.Logger.info(String)&amp;quot; because &amp;quot;this.logger&amp;quot; is null">
      <![CDATA[java.lang.NullPointerException: Cannot invoke "org.apache.logging.log4j.Logger.info(String)" because "this.logger" is null
at testCases.TC_001AccountRegistrationTest.verifyAccountRegistration(TC_001AccountRegistrationTest.java:14)
at java.base/java.util.ArrayList.forEach(ArrayList.java:1511)
... Removed 27 stack frames]]>
    </failure>
  </testcase> <!-- verifyAccountRegistration -->
</testsuite> <!-- Opencart Test(failed)(failed)(failed)(failed)(failed)(failed) -->
