<?xml version="1.0" encoding="UTF-8"?>
<testng-results ignored="0" total="2" passed="2" failed="0" skipped="0">
  <reporter-output>
  </reporter-output>
  <suite started-at="2025-05-12T18:21:58 IST" name="Suite" finished-at="2025-05-12T18:22:15 IST" duration-ms="17037">
    <groups>
      <group name="Master">
        <method signature="TC_001AccountRegistrationTest.verifyAccountRegistration()[pri:0, instance:testCases.TC_001AccountRegistrationTest@1fc32e4f]" name="verifyAccountRegistration" class="testCases.TC_001AccountRegistrationTest"/>
        <method signature="TC_002_LoginTest.verify_login()[pri:0, instance:testCases.TC_002_LoginTest@291a7e3c]" name="verify_login" class="testCases.TC_002_LoginTest"/>
      </group> <!-- Master -->
      <group name="Sanity">
        <method signature="TC_002_LoginTest.verify_login()[pri:0, instance:testCases.TC_002_LoginTest@291a7e3c]" name="verify_login" class="testCases.TC_002_LoginTest"/>
      </group> <!-- Sanity -->
      <group name="Regression">
        <method signature="TC_001AccountRegistrationTest.verifyAccountRegistration()[pri:0, instance:testCases.TC_001AccountRegistrationTest@1fc32e4f]" name="verifyAccountRegistration" class="testCases.TC_001AccountRegistrationTest"/>
      </group> <!-- Regression -->
    </groups>
    <test started-at="2025-05-12T18:21:58 IST" name="Test" finished-at="2025-05-12T18:22:15 IST" duration-ms="17037">
      <class name="testCases.TC_002_LoginTest">
        <test-method is-config="true" signature="setup(java.lang.String,java.lang.String)[pri:0, instance:testCases.TC_002_LoginTest@291a7e3c]" started-at="2025-05-12T18:22:09 IST" name="setup" finished-at="2025-05-12T18:22:13 IST" duration-ms="3920" status="PASS">
          <params>
            <param index="0">
              <value>
                <![CDATA[windows]]>
              </value>
            </param>
            <param index="1">
              <value>
                <![CDATA[chrome]]>
              </value>
            </param>
          </params>
          <reporter-output>
          </reporter-output>
        </test-method> <!-- setup -->
        <test-method signature="verify_login()[pri:0, instance:testCases.TC_002_LoginTest@291a7e3c]" started-at="2025-05-12T18:22:13 IST" name="verify_login" finished-at="2025-05-12T18:22:15 IST" duration-ms="1874" status="PASS">
          <reporter-output>
          </reporter-output>
        </test-method> <!-- verify_login -->
        <test-method is-config="true" signature="tearDown()[pri:0, instance:testCases.TC_002_LoginTest@291a7e3c]" started-at="2025-05-12T18:22:15 IST" name="tearDown" finished-at="2025-05-12T18:22:15 IST" duration-ms="328" status="PASS">
          <reporter-output>
          </reporter-output>
        </test-method> <!-- tearDown -->
      </class> <!-- testCases.TC_002_LoginTest -->
      <class name="testCases.TC_001AccountRegistrationTest">
        <test-method is-config="true" signature="setup(java.lang.String,java.lang.String)[pri:0, instance:testCases.TC_001AccountRegistrationTest@1fc32e4f]" started-at="2025-05-12T18:21:59 IST" name="setup" finished-at="2025-05-12T18:22:04 IST" duration-ms="5157" status="PASS">
          <params>
            <param index="0">
              <value>
                <![CDATA[windows]]>
              </value>
            </param>
            <param index="1">
              <value>
                <![CDATA[chrome]]>
              </value>
            </param>
          </params>
          <reporter-output>
          </reporter-output>
        </test-method> <!-- setup -->
        <test-method signature="verifyAccountRegistration()[pri:0, instance:testCases.TC_001AccountRegistrationTest@1fc32e4f]" started-at="2025-05-12T18:22:04 IST" name="verifyAccountRegistration" finished-at="2025-05-12T18:22:09 IST" duration-ms="5041" status="PASS">
          <reporter-output>
          </reporter-output>
        </test-method> <!-- verifyAccountRegistration -->
        <test-method is-config="true" signature="tearDown()[pri:0, instance:testCases.TC_001AccountRegistrationTest@1fc32e4f]" started-at="2025-05-12T18:22:09 IST" name="tearDown" finished-at="2025-05-12T18:22:09 IST" duration-ms="311" status="PASS">
          <reporter-output>
          </reporter-output>
        </test-method> <!-- tearDown -->
      </class> <!-- testCases.TC_001AccountRegistrationTest -->
    </test> <!-- Test -->
  </suite> <!-- Suite -->
</testng-results>
