<?xml version="1.0" encoding="UTF-8"?>
<testng-results ignored="0" total="1" passed="1" failed="0" skipped="0">
  <reporter-output>
  </reporter-output>
  <suite started-at="2025-05-24T11:57:43 IST" name="Suite" finished-at="2025-05-24T11:58:42 IST" duration-ms="58414">
    <groups>
      <group name="Master">
        <method signature="TC_006_EndToEndTest.endToendTest()[pri:0, instance:testCases.TC_006_EndToEndTest@460ebd80]" name="endToendTest" class="testCases.TC_006_EndToEndTest"/>
      </group> <!-- Master -->
    </groups>
    <test started-at="2025-05-24T11:57:43 IST" name="Opencart Test" finished-at="2025-05-24T11:58:42 IST" duration-ms="58414">
      <class name="testCases.TC_006_EndToEndTest">
        <test-method is-config="true" signature="setup(java.lang.String,java.lang.String)[pri:0, instance:testCases.TC_006_EndToEndTest@460ebd80]" started-at="2025-05-24T11:57:43 IST" name="setup" finished-at="2025-05-24T11:57:48 IST" duration-ms="4966" status="PASS">
          <params>
            <param index="0">
              <value>
                <![CDATA[windows]]>
              </value>
            </param>
            <param index="1">
              <value>
                <![CDATA[chrome]]>
              </value>
            </param>
          </params>
          <reporter-output>
          </reporter-output>
        </test-method> <!-- setup -->
        <test-method signature="endToendTest()[pri:0, instance:testCases.TC_006_EndToEndTest@460ebd80]" started-at="2025-05-24T11:57:48 IST" name="endToendTest" finished-at="2025-05-24T11:58:41 IST" duration-ms="53140" status="PASS">
          <reporter-output>
          </reporter-output>
        </test-method> <!-- endToendTest -->
      </class> <!-- testCases.TC_006_EndToEndTest -->
    </test> <!-- Opencart Test -->
  </suite> <!-- Suite -->
</testng-results>
